<?xml version="1.0" encoding="UTF-8"?>
<!-- Generated by org.testng.reporters.JUnitXMLReporter -->
<testsuite ignored="0" hostname="DESKTOP-GP2AHTV" failures="0" tests="10" name="Default test" time="220.286" errors="0" timestamp="2021-11-18T11:01:58 IST">
  <testcase classname="com.mindtree.runner.GiftRunner" name="validateTitle" time="0.729"/>
  <testcase classname="com.mindtree.runner.GiftRunner" name="LogIn" time="16.954"/>
  <testcase classname="com.mindtree.runner.GiftRunner" name="PersonalizeGift" time="31.117"/>
  <testcase classname="com.mindtree.runner.GiftRunner" name="WhtsNewGift" time="24.78"/>
  <testcase classname="com.mindtree.runner.GiftRunner" name="ChristmasGift" time="26.97"/>
  <testcase classname="com.mindtree.runner.GiftRunner" name="SecretSantaGift" time="25.48"/>
  <testcase classname="com.mindtree.runner.GiftRunner" name="homeDecor" time="25.125"/>
  <testcase classname="com.mindtree.runner.GiftRunner" name="Gifts" time="28.565"/>
  <testcase classname="com.mindtree.runner.GiftRunner" name="cropDetailSubmit" time="23.465"/>
  <testcase classname="com.mindtree.runner.GiftRunner" name="cartValidate" time="2.037"/>
</testsuite> <!-- Default test -->
