<?xml version="1.0" encoding="UTF-8"?>
<testng-results ignored="0" total="10" passed="10" failed="0" skipped="0">
  <reporter-output>
  </reporter-output>
  <suite started-at="2021-11-18T10:58:18 IST" name="Default suite" finished-at="2021-11-18T11:01:58 IST" duration-ms="220286">
    <groups>
    </groups>
    <test started-at="2021-11-18T10:58:18 IST" name="Default test" finished-at="2021-11-18T11:01:58 IST" duration-ms="220286">
      <class name="com.mindtree.runner.GiftRunner">
        <test-method is-config="true" signature="initializeDriver()[pri:0, instance:com.mindtree.runner.GiftRunner@fc258b1]" started-at="2021-11-18T10:58:18 IST" name="initializeDriver" finished-at="2021-11-18T10:58:32 IST" duration-ms="14955" status="PASS">
          <reporter-output>
          </reporter-output>
        </test-method> <!-- initializeDriver -->
        <test-method signature="validateTitle(java.lang.String)[pri:1, instance:com.mindtree.runner.GiftRunner@fc258b1]" started-at="2021-11-18T10:58:33 IST" name="validateTitle" data-provider="getTitle" finished-at="2021-11-18T10:58:33 IST" duration-ms="729" status="PASS">
          <params>
            <param index="0">
              <value>
                <![CDATA[Gifts Online - Send Unique, Unusual Gifts in India, Buy Gifts– Bigsmall.in]]>
              </value>
            </param>
          </params>
          <reporter-output>
          </reporter-output>
        </test-method> <!-- validateTitle -->
        <test-method signature="LogIn(java.lang.String, java.lang.String)[pri:2, instance:com.mindtree.runner.GiftRunner@fc258b1]" started-at="2021-11-18T10:58:33 IST" name="LogIn" data-provider="getData" finished-at="2021-11-18T10:58:50 IST" duration-ms="16954" status="PASS">
          <params>
            <param index="0">
              <value>
                <![CDATA[motog05052000@gmail.com]]>
              </value>
            </param>
            <param index="1">
              <value>
                <![CDATA[123456789]]>
              </value>
            </param>
          </params>
          <reporter-output>
          </reporter-output>
        </test-method> <!-- LogIn -->
        <test-method signature="PersonalizeGift(java.lang.String, java.lang.String, java.lang.String)[pri:3, instance:com.mindtree.runner.GiftRunner@fc258b1]" started-at="2021-11-18T10:58:50 IST" name="PersonalizeGift" data-provider="getPerData" finished-at="2021-11-18T10:59:21 IST" duration-ms="31117" status="PASS">
          <params>
            <param index="0">
              <value>
                <![CDATA[3]]>
              </value>
            </param>
            <param index="1">
              <value>
                <![CDATA[Biren]]>
              </value>
            </param>
            <param index="2">
              <value>
                <![CDATA[Personalized Metallic Keychain I COD Not Available]]>
              </value>
            </param>
          </params>
          <reporter-output>
          </reporter-output>
        </test-method> <!-- PersonalizeGift -->
        <test-method signature="WhtsNewGift(java.lang.String, java.lang.String)[pri:4, instance:com.mindtree.runner.GiftRunner@fc258b1]" started-at="2021-11-18T10:59:21 IST" name="WhtsNewGift" data-provider="getWhtData" finished-at="2021-11-18T10:59:46 IST" duration-ms="24780" status="PASS">
          <params>
            <param index="0">
              <value>
                <![CDATA[3]]>
              </value>
            </param>
            <param index="1">
              <value>
                <![CDATA[Dice Keeper 3D Puzzle]]>
              </value>
            </param>
          </params>
          <reporter-output>
          </reporter-output>
        </test-method> <!-- WhtsNewGift -->
        <test-method signature="ChristmasGift(java.lang.String, java.lang.String)[pri:5, instance:com.mindtree.runner.GiftRunner@fc258b1]" started-at="2021-11-18T10:59:46 IST" name="ChristmasGift" data-provider="getChrisData" finished-at="2021-11-18T11:00:13 IST" duration-ms="26970" status="PASS">
          <params>
            <param index="0">
              <value>
                <![CDATA[2]]>
              </value>
            </param>
            <param index="1">
              <value>
                <![CDATA[Christmas Socks]]>
              </value>
            </param>
          </params>
          <reporter-output>
          </reporter-output>
        </test-method> <!-- ChristmasGift -->
        <test-method signature="SecretSantaGift(java.lang.String, java.lang.String)[pri:6, instance:com.mindtree.runner.GiftRunner@fc258b1]" started-at="2021-11-18T11:00:13 IST" name="SecretSantaGift" data-provider="getScrtData" finished-at="2021-11-18T11:00:39 IST" duration-ms="25480" status="PASS">
          <params>
            <param index="0">
              <value>
                <![CDATA[3]]>
              </value>
            </param>
            <param index="1">
              <value>
                <![CDATA[Harry Potter Plush Slippers]]>
              </value>
            </param>
          </params>
          <reporter-output>
          </reporter-output>
        </test-method> <!-- SecretSantaGift -->
        <test-method signature="homeDecor(java.lang.String, java.lang.String)[pri:7, instance:com.mindtree.runner.GiftRunner@fc258b1]" started-at="2021-11-18T11:00:39 IST" name="homeDecor" data-provider="getHmData" finished-at="2021-11-18T11:01:04 IST" duration-ms="25125" status="PASS">
          <params>
            <param index="0">
              <value>
                <![CDATA[3]]>
              </value>
            </param>
            <param index="1">
              <value>
                <![CDATA[3D Jewellery Holder Palette]]>
              </value>
            </param>
          </params>
          <reporter-output>
          </reporter-output>
        </test-method> <!-- homeDecor -->
        <test-method signature="Gifts(java.lang.String, java.lang.String, java.lang.String)[pri:8, instance:com.mindtree.runner.GiftRunner@fc258b1]" started-at="2021-11-18T11:01:04 IST" name="Gifts" data-provider="getGiftData" finished-at="2021-11-18T11:01:32 IST" duration-ms="28565" status="PASS">
          <params>
            <param index="0">
              <value>
                <![CDATA[Gifts For Kids]]>
              </value>
            </param>
            <param index="1">
              <value>
                <![CDATA[3]]>
              </value>
            </param>
            <param index="2">
              <value>
                <![CDATA[Panda Wooden LED Lamp]]>
              </value>
            </param>
          </params>
          <reporter-output>
          </reporter-output>
        </test-method> <!-- Gifts -->
        <test-method signature="cropDetailSubmit(java.lang.String, java.lang.String, java.lang.String)[pri:9, instance:com.mindtree.runner.GiftRunner@fc258b1]" started-at="2021-11-18T11:01:32 IST" name="cropDetailSubmit" data-provider="getCopData" finished-at="2021-11-18T11:01:56 IST" duration-ms="23465" status="PASS">
          <params>
            <param index="0">
              <value>
                <![CDATA[Biren]]>
              </value>
            </param>
            <param index="1">
              <value>
                <![CDATA[demo@gmai.com]]>
              </value>
            </param>
            <param index="2">
              <value>
                <![CDATA[8658865825]]>
              </value>
            </param>
          </params>
          <reporter-output>
          </reporter-output>
        </test-method> <!-- cropDetailSubmit -->
        <test-method signature="cartValidate()[pri:10, instance:com.mindtree.runner.GiftRunner@fc258b1]" started-at="2021-11-18T11:01:56 IST" name="cartValidate" finished-at="2021-11-18T11:01:58 IST" duration-ms="2037" status="PASS">
          <reporter-output>
          </reporter-output>
        </test-method> <!-- cartValidate -->
      </class> <!-- com.mindtree.runner.GiftRunner -->
    </test> <!-- Default test -->
  </suite> <!-- Default suite -->
</testng-results>
