<?xml version="1.0" encoding="UTF-8"?>
<testng-results ignored="0" total="10" passed="0" failed="0" skipped="10">
  <reporter-output>
  </reporter-output>
  <suite started-at="2021-11-21T15:49:08 IST" name="Default suite" finished-at="2021-11-21T15:49:12 IST" duration-ms="3994">
    <groups>
    </groups>
    <test started-at="2021-11-21T15:49:08 IST" name="Default test" finished-at="2021-11-21T15:49:12 IST" duration-ms="3994">
      <class name="com.mindtree.runner.GiftRunner">
        <test-method is-config="true" signature="initializeDriver()[pri:0, instance:com.mindtree.runner.GiftRunner@fc258b1]" started-at="2021-11-21T15:49:08 IST" name="initializeDriver" finished-at="2021-11-21T15:49:11 IST" duration-ms="3772" status="FAIL">
          <exception class="com.mindtree.exceptions.ApplicationException">
            <full-stacktrace>
              <![CDATA[session not created: This version of ChromeDriver only supports Chrome version 94
Current browser version is 96.0.4664.45 with binary path C:\Program Files (x86)\Google\Chrome\Application\chrome.exe
Build info: version: '3.141.59', revision: 'e82be7d358', time: '2018-11-14T08:17:03'
System info: host: 'DESKTOP-GP2AHTV', ip: '192.168.1.36', os.name: 'Windows 10', os.arch: 'amd64', os.version: '10.0', java.version: '16.0.2'
Driver info: driver.version: ChromeDriver
remote stacktrace: Backtrace:
Ordinal0 [0x0090B9D3+2472403]
Ordinal0 [0x008A6961+2058593]
Ordinal0 [0x007B22B8+1057464]
Ordinal0 [0x007D03FA+1180666]
Ordinal0 [0x007CC2E5+1164005]
Ordinal0 [0x007C9B7F+1153919]
Ordinal0 [0x007F997F+1350015]
Ordinal0 [0x007F95EA+1349098]
Ordinal0 [0x007F545B+1332315]
Ordinal0 [0x007D1FB4+1187764]
Ordinal0 [0x007D2E09+1191433]
GetHandleVerifier [0x00A93396+1551078]
GetHandleVerifier [0x00B3D53A+2247818]
GetHandleVerifier [0x00997FBB+521995]
GetHandleVerifier [0x00997079+518089]
Ordinal0 [0x008ABD4D+2080077]
Ordinal0 [0x008AFC18+2096152]
Ordinal0 [0x008AFD52+2096466]
Ordinal0 [0x008B94B1+2135217]
BaseThreadInitThunk [0x7569FA29+25]
RtlGetAppContainerNamedObjectPath [0x77837A9E+286]
RtlGetAppContainerNamedObjectPath [0x77837A6E+238]

at com.mindtree.runner.GiftRunner.initializeDriver(GiftRunner.java:38)
at java.base/jdk.internal.reflect.NativeMethodAccessorImpl.invoke0(Native Method)
at java.base/jdk.internal.reflect.NativeMethodAccessorImpl.invoke(NativeMethodAccessorImpl.java:78)
at java.base/jdk.internal.reflect.DelegatingMethodAccessorImpl.invoke(DelegatingMethodAccessorImpl.java:43)
at java.base/java.lang.reflect.Method.invoke(Method.java:567)
at org.testng.internal.MethodInvocationHelper.invokeMethod(MethodInvocationHelper.java:133)
at org.testng.internal.MethodInvocationHelper.invokeMethodConsideringTimeout(MethodInvocationHelper.java:62)
at org.testng.internal.ConfigInvoker.invokeConfigurationMethod(ConfigInvoker.java:340)
at org.testng.internal.ConfigInvoker.invokeConfigurations(ConfigInvoker.java:294)
at org.testng.TestRunner.invokeTestConfigurations(TestRunner.java:623)
at org.testng.TestRunner.beforeRun(TestRunner.java:613)
at org.testng.TestRunner.run(TestRunner.java:584)
at org.testng.SuiteRunner.runTest(SuiteRunner.java:402)
at org.testng.SuiteRunner.runSequentially(SuiteRunner.java:396)
at org.testng.SuiteRunner.privateRun(SuiteRunner.java:355)
at org.testng.SuiteRunner.run(SuiteRunner.java:304)
at org.testng.SuiteRunnerWorker.runSuite(SuiteRunnerWorker.java:53)
at org.testng.SuiteRunnerWorker.run(SuiteRunnerWorker.java:96)
at org.testng.TestNG.runSuitesSequentially(TestNG.java:1180)
at org.testng.TestNG.runSuitesLocally(TestNG.java:1102)
at org.testng.TestNG.runSuites(TestNG.java:1032)
at org.testng.TestNG.run(TestNG.java:1000)
at org.testng.remote.AbstractRemoteTestNG.run(AbstractRemoteTestNG.java:115)
at org.testng.remote.RemoteTestNG.initAndRun(RemoteTestNG.java:251)
at org.testng.remote.RemoteTestNG.main(RemoteTestNG.java:77)
]]>
            </full-stacktrace>
          </exception> <!-- com.mindtree.exceptions.ApplicationException -->
          <reporter-output>
          </reporter-output>
        </test-method> <!-- initializeDriver -->
        <test-method signature="validateTitle(java.lang.String)[pri:1, instance:com.mindtree.runner.GiftRunner@fc258b1]" started-at="2021-11-21T15:49:11 IST" name="validateTitle" data-provider="getTitle" finished-at="2021-11-21T15:49:11 IST" duration-ms="0" status="SKIP">
          <exception class="com.mindtree.exceptions.ApplicationException">
            <full-stacktrace>
              <![CDATA[session not created: This version of ChromeDriver only supports Chrome version 94
Current browser version is 96.0.4664.45 with binary path C:\Program Files (x86)\Google\Chrome\Application\chrome.exe
Build info: version: '3.141.59', revision: 'e82be7d358', time: '2018-11-14T08:17:03'
System info: host: 'DESKTOP-GP2AHTV', ip: '192.168.1.36', os.name: 'Windows 10', os.arch: 'amd64', os.version: '10.0', java.version: '16.0.2'
Driver info: driver.version: ChromeDriver
remote stacktrace: Backtrace:
Ordinal0 [0x0090B9D3+2472403]
Ordinal0 [0x008A6961+2058593]
Ordinal0 [0x007B22B8+1057464]
Ordinal0 [0x007D03FA+1180666]
Ordinal0 [0x007CC2E5+1164005]
Ordinal0 [0x007C9B7F+1153919]
Ordinal0 [0x007F997F+1350015]
Ordinal0 [0x007F95EA+1349098]
Ordinal0 [0x007F545B+1332315]
Ordinal0 [0x007D1FB4+1187764]
Ordinal0 [0x007D2E09+1191433]
GetHandleVerifier [0x00A93396+1551078]
GetHandleVerifier [0x00B3D53A+2247818]
GetHandleVerifier [0x00997FBB+521995]
GetHandleVerifier [0x00997079+518089]
Ordinal0 [0x008ABD4D+2080077]
Ordinal0 [0x008AFC18+2096152]
Ordinal0 [0x008AFD52+2096466]
Ordinal0 [0x008B94B1+2135217]
BaseThreadInitThunk [0x7569FA29+25]
RtlGetAppContainerNamedObjectPath [0x77837A9E+286]
RtlGetAppContainerNamedObjectPath [0x77837A6E+238]

at com.mindtree.runner.GiftRunner.initializeDriver(GiftRunner.java:38)
at java.base/jdk.internal.reflect.NativeMethodAccessorImpl.invoke0(Native Method)
at java.base/jdk.internal.reflect.NativeMethodAccessorImpl.invoke(NativeMethodAccessorImpl.java:78)
at java.base/jdk.internal.reflect.DelegatingMethodAccessorImpl.invoke(DelegatingMethodAccessorImpl.java:43)
at java.base/java.lang.reflect.Method.invoke(Method.java:567)
at org.testng.internal.MethodInvocationHelper.invokeMethod(MethodInvocationHelper.java:133)
at org.testng.internal.MethodInvocationHelper.invokeMethodConsideringTimeout(MethodInvocationHelper.java:62)
at org.testng.internal.ConfigInvoker.invokeConfigurationMethod(ConfigInvoker.java:340)
at org.testng.internal.ConfigInvoker.invokeConfigurations(ConfigInvoker.java:294)
at org.testng.TestRunner.invokeTestConfigurations(TestRunner.java:623)
at org.testng.TestRunner.beforeRun(TestRunner.java:613)
at org.testng.TestRunner.run(TestRunner.java:584)
at org.testng.SuiteRunner.runTest(SuiteRunner.java:402)
at org.testng.SuiteRunner.runSequentially(SuiteRunner.java:396)
at org.testng.SuiteRunner.privateRun(SuiteRunner.java:355)
at org.testng.SuiteRunner.run(SuiteRunner.java:304)
at org.testng.SuiteRunnerWorker.runSuite(SuiteRunnerWorker.java:53)
at org.testng.SuiteRunnerWorker.run(SuiteRunnerWorker.java:96)
at org.testng.TestNG.runSuitesSequentially(TestNG.java:1180)
at org.testng.TestNG.runSuitesLocally(TestNG.java:1102)
at org.testng.TestNG.runSuites(TestNG.java:1032)
at org.testng.TestNG.run(TestNG.java:1000)
at org.testng.remote.AbstractRemoteTestNG.run(AbstractRemoteTestNG.java:115)
at org.testng.remote.RemoteTestNG.initAndRun(RemoteTestNG.java:251)
at org.testng.remote.RemoteTestNG.main(RemoteTestNG.java:77)
]]>
            </full-stacktrace>
          </exception> <!-- com.mindtree.exceptions.ApplicationException -->
          <reporter-output>
          </reporter-output>
        </test-method> <!-- validateTitle -->
        <test-method signature="LogIn(java.lang.String, java.lang.String)[pri:2, instance:com.mindtree.runner.GiftRunner@fc258b1]" started-at="2021-11-21T15:49:11 IST" name="LogIn" data-provider="getData" finished-at="2021-11-21T15:49:11 IST" duration-ms="1" status="SKIP">
          <exception class="com.mindtree.exceptions.ApplicationException">
            <full-stacktrace>
              <![CDATA[session not created: This version of ChromeDriver only supports Chrome version 94
Current browser version is 96.0.4664.45 with binary path C:\Program Files (x86)\Google\Chrome\Application\chrome.exe
Build info: version: '3.141.59', revision: 'e82be7d358', time: '2018-11-14T08:17:03'
System info: host: 'DESKTOP-GP2AHTV', ip: '192.168.1.36', os.name: 'Windows 10', os.arch: 'amd64', os.version: '10.0', java.version: '16.0.2'
Driver info: driver.version: ChromeDriver
remote stacktrace: Backtrace:
Ordinal0 [0x0090B9D3+2472403]
Ordinal0 [0x008A6961+2058593]
Ordinal0 [0x007B22B8+1057464]
Ordinal0 [0x007D03FA+1180666]
Ordinal0 [0x007CC2E5+1164005]
Ordinal0 [0x007C9B7F+1153919]
Ordinal0 [0x007F997F+1350015]
Ordinal0 [0x007F95EA+1349098]
Ordinal0 [0x007F545B+1332315]
Ordinal0 [0x007D1FB4+1187764]
Ordinal0 [0x007D2E09+1191433]
GetHandleVerifier [0x00A93396+1551078]
GetHandleVerifier [0x00B3D53A+2247818]
GetHandleVerifier [0x00997FBB+521995]
GetHandleVerifier [0x00997079+518089]
Ordinal0 [0x008ABD4D+2080077]
Ordinal0 [0x008AFC18+2096152]
Ordinal0 [0x008AFD52+2096466]
Ordinal0 [0x008B94B1+2135217]
BaseThreadInitThunk [0x7569FA29+25]
RtlGetAppContainerNamedObjectPath [0x77837A9E+286]
RtlGetAppContainerNamedObjectPath [0x77837A6E+238]

at com.mindtree.runner.GiftRunner.initializeDriver(GiftRunner.java:38)
at java.base/jdk.internal.reflect.NativeMethodAccessorImpl.invoke0(Native Method)
at java.base/jdk.internal.reflect.NativeMethodAccessorImpl.invoke(NativeMethodAccessorImpl.java:78)
at java.base/jdk.internal.reflect.DelegatingMethodAccessorImpl.invoke(DelegatingMethodAccessorImpl.java:43)
at java.base/java.lang.reflect.Method.invoke(Method.java:567)
at org.testng.internal.MethodInvocationHelper.invokeMethod(MethodInvocationHelper.java:133)
at org.testng.internal.MethodInvocationHelper.invokeMethodConsideringTimeout(MethodInvocationHelper.java:62)
at org.testng.internal.ConfigInvoker.invokeConfigurationMethod(ConfigInvoker.java:340)
at org.testng.internal.ConfigInvoker.invokeConfigurations(ConfigInvoker.java:294)
at org.testng.TestRunner.invokeTestConfigurations(TestRunner.java:623)
at org.testng.TestRunner.beforeRun(TestRunner.java:613)
at org.testng.TestRunner.run(TestRunner.java:584)
at org.testng.SuiteRunner.runTest(SuiteRunner.java:402)
at org.testng.SuiteRunner.runSequentially(SuiteRunner.java:396)
at org.testng.SuiteRunner.privateRun(SuiteRunner.java:355)
at org.testng.SuiteRunner.run(SuiteRunner.java:304)
at org.testng.SuiteRunnerWorker.runSuite(SuiteRunnerWorker.java:53)
at org.testng.SuiteRunnerWorker.run(SuiteRunnerWorker.java:96)
at org.testng.TestNG.runSuitesSequentially(TestNG.java:1180)
at org.testng.TestNG.runSuitesLocally(TestNG.java:1102)
at org.testng.TestNG.runSuites(TestNG.java:1032)
at org.testng.TestNG.run(TestNG.java:1000)
at org.testng.remote.AbstractRemoteTestNG.run(AbstractRemoteTestNG.java:115)
at org.testng.remote.RemoteTestNG.initAndRun(RemoteTestNG.java:251)
at org.testng.remote.RemoteTestNG.main(RemoteTestNG.java:77)
]]>
            </full-stacktrace>
          </exception> <!-- com.mindtree.exceptions.ApplicationException -->
          <reporter-output>
          </reporter-output>
        </test-method> <!-- LogIn -->
        <test-method signature="PersonalizeGift(java.lang.String, java.lang.String, java.lang.String)[pri:3, instance:com.mindtree.runner.GiftRunner@fc258b1]" started-at="2021-11-21T15:49:11 IST" name="PersonalizeGift" data-provider="getPerData" finished-at="2021-11-21T15:49:11 IST" duration-ms="0" status="SKIP">
          <exception class="com.mindtree.exceptions.ApplicationException">
            <full-stacktrace>
              <![CDATA[session not created: This version of ChromeDriver only supports Chrome version 94
Current browser version is 96.0.4664.45 with binary path C:\Program Files (x86)\Google\Chrome\Application\chrome.exe
Build info: version: '3.141.59', revision: 'e82be7d358', time: '2018-11-14T08:17:03'
System info: host: 'DESKTOP-GP2AHTV', ip: '192.168.1.36', os.name: 'Windows 10', os.arch: 'amd64', os.version: '10.0', java.version: '16.0.2'
Driver info: driver.version: ChromeDriver
remote stacktrace: Backtrace:
Ordinal0 [0x0090B9D3+2472403]
Ordinal0 [0x008A6961+2058593]
Ordinal0 [0x007B22B8+1057464]
Ordinal0 [0x007D03FA+1180666]
Ordinal0 [0x007CC2E5+1164005]
Ordinal0 [0x007C9B7F+1153919]
Ordinal0 [0x007F997F+1350015]
Ordinal0 [0x007F95EA+1349098]
Ordinal0 [0x007F545B+1332315]
Ordinal0 [0x007D1FB4+1187764]
Ordinal0 [0x007D2E09+1191433]
GetHandleVerifier [0x00A93396+1551078]
GetHandleVerifier [0x00B3D53A+2247818]
GetHandleVerifier [0x00997FBB+521995]
GetHandleVerifier [0x00997079+518089]
Ordinal0 [0x008ABD4D+2080077]
Ordinal0 [0x008AFC18+2096152]
Ordinal0 [0x008AFD52+2096466]
Ordinal0 [0x008B94B1+2135217]
BaseThreadInitThunk [0x7569FA29+25]
RtlGetAppContainerNamedObjectPath [0x77837A9E+286]
RtlGetAppContainerNamedObjectPath [0x77837A6E+238]

at com.mindtree.runner.GiftRunner.initializeDriver(GiftRunner.java:38)
at java.base/jdk.internal.reflect.NativeMethodAccessorImpl.invoke0(Native Method)
at java.base/jdk.internal.reflect.NativeMethodAccessorImpl.invoke(NativeMethodAccessorImpl.java:78)
at java.base/jdk.internal.reflect.DelegatingMethodAccessorImpl.invoke(DelegatingMethodAccessorImpl.java:43)
at java.base/java.lang.reflect.Method.invoke(Method.java:567)
at org.testng.internal.MethodInvocationHelper.invokeMethod(MethodInvocationHelper.java:133)
at org.testng.internal.MethodInvocationHelper.invokeMethodConsideringTimeout(MethodInvocationHelper.java:62)
at org.testng.internal.ConfigInvoker.invokeConfigurationMethod(ConfigInvoker.java:340)
at org.testng.internal.ConfigInvoker.invokeConfigurations(ConfigInvoker.java:294)
at org.testng.TestRunner.invokeTestConfigurations(TestRunner.java:623)
at org.testng.TestRunner.beforeRun(TestRunner.java:613)
at org.testng.TestRunner.run(TestRunner.java:584)
at org.testng.SuiteRunner.runTest(SuiteRunner.java:402)
at org.testng.SuiteRunner.runSequentially(SuiteRunner.java:396)
at org.testng.SuiteRunner.privateRun(SuiteRunner.java:355)
at org.testng.SuiteRunner.run(SuiteRunner.java:304)
at org.testng.SuiteRunnerWorker.runSuite(SuiteRunnerWorker.java:53)
at org.testng.SuiteRunnerWorker.run(SuiteRunnerWorker.java:96)
at org.testng.TestNG.runSuitesSequentially(TestNG.java:1180)
at org.testng.TestNG.runSuitesLocally(TestNG.java:1102)
at org.testng.TestNG.runSuites(TestNG.java:1032)
at org.testng.TestNG.run(TestNG.java:1000)
at org.testng.remote.AbstractRemoteTestNG.run(AbstractRemoteTestNG.java:115)
at org.testng.remote.RemoteTestNG.initAndRun(RemoteTestNG.java:251)
at org.testng.remote.RemoteTestNG.main(RemoteTestNG.java:77)
]]>
            </full-stacktrace>
          </exception> <!-- com.mindtree.exceptions.ApplicationException -->
          <reporter-output>
          </reporter-output>
        </test-method> <!-- PersonalizeGift -->
        <test-method signature="WhtsNewGift(java.lang.String, java.lang.String)[pri:4, instance:com.mindtree.runner.GiftRunner@fc258b1]" started-at="2021-11-21T15:49:11 IST" name="WhtsNewGift" data-provider="getWhtData" finished-at="2021-11-21T15:49:11 IST" duration-ms="0" status="SKIP">
          <exception class="com.mindtree.exceptions.ApplicationException">
            <full-stacktrace>
              <![CDATA[session not created: This version of ChromeDriver only supports Chrome version 94
Current browser version is 96.0.4664.45 with binary path C:\Program Files (x86)\Google\Chrome\Application\chrome.exe
Build info: version: '3.141.59', revision: 'e82be7d358', time: '2018-11-14T08:17:03'
System info: host: 'DESKTOP-GP2AHTV', ip: '192.168.1.36', os.name: 'Windows 10', os.arch: 'amd64', os.version: '10.0', java.version: '16.0.2'
Driver info: driver.version: ChromeDriver
remote stacktrace: Backtrace:
Ordinal0 [0x0090B9D3+2472403]
Ordinal0 [0x008A6961+2058593]
Ordinal0 [0x007B22B8+1057464]
Ordinal0 [0x007D03FA+1180666]
Ordinal0 [0x007CC2E5+1164005]
Ordinal0 [0x007C9B7F+1153919]
Ordinal0 [0x007F997F+1350015]
Ordinal0 [0x007F95EA+1349098]
Ordinal0 [0x007F545B+1332315]
Ordinal0 [0x007D1FB4+1187764]
Ordinal0 [0x007D2E09+1191433]
GetHandleVerifier [0x00A93396+1551078]
GetHandleVerifier [0x00B3D53A+2247818]
GetHandleVerifier [0x00997FBB+521995]
GetHandleVerifier [0x00997079+518089]
Ordinal0 [0x008ABD4D+2080077]
Ordinal0 [0x008AFC18+2096152]
Ordinal0 [0x008AFD52+2096466]
Ordinal0 [0x008B94B1+2135217]
BaseThreadInitThunk [0x7569FA29+25]
RtlGetAppContainerNamedObjectPath [0x77837A9E+286]
RtlGetAppContainerNamedObjectPath [0x77837A6E+238]

at com.mindtree.runner.GiftRunner.initializeDriver(GiftRunner.java:38)
at java.base/jdk.internal.reflect.NativeMethodAccessorImpl.invoke0(Native Method)
at java.base/jdk.internal.reflect.NativeMethodAccessorImpl.invoke(NativeMethodAccessorImpl.java:78)
at java.base/jdk.internal.reflect.DelegatingMethodAccessorImpl.invoke(DelegatingMethodAccessorImpl.java:43)
at java.base/java.lang.reflect.Method.invoke(Method.java:567)
at org.testng.internal.MethodInvocationHelper.invokeMethod(MethodInvocationHelper.java:133)
at org.testng.internal.MethodInvocationHelper.invokeMethodConsideringTimeout(MethodInvocationHelper.java:62)
at org.testng.internal.ConfigInvoker.invokeConfigurationMethod(ConfigInvoker.java:340)
at org.testng.internal.ConfigInvoker.invokeConfigurations(ConfigInvoker.java:294)
at org.testng.TestRunner.invokeTestConfigurations(TestRunner.java:623)
at org.testng.TestRunner.beforeRun(TestRunner.java:613)
at org.testng.TestRunner.run(TestRunner.java:584)
at org.testng.SuiteRunner.runTest(SuiteRunner.java:402)
at org.testng.SuiteRunner.runSequentially(SuiteRunner.java:396)
at org.testng.SuiteRunner.privateRun(SuiteRunner.java:355)
at org.testng.SuiteRunner.run(SuiteRunner.java:304)
at org.testng.SuiteRunnerWorker.runSuite(SuiteRunnerWorker.java:53)
at org.testng.SuiteRunnerWorker.run(SuiteRunnerWorker.java:96)
at org.testng.TestNG.runSuitesSequentially(TestNG.java:1180)
at org.testng.TestNG.runSuitesLocally(TestNG.java:1102)
at org.testng.TestNG.runSuites(TestNG.java:1032)
at org.testng.TestNG.run(TestNG.java:1000)
at org.testng.remote.AbstractRemoteTestNG.run(AbstractRemoteTestNG.java:115)
at org.testng.remote.RemoteTestNG.initAndRun(RemoteTestNG.java:251)
at org.testng.remote.RemoteTestNG.main(RemoteTestNG.java:77)
]]>
            </full-stacktrace>
          </exception> <!-- com.mindtree.exceptions.ApplicationException -->
          <reporter-output>
          </reporter-output>
        </test-method> <!-- WhtsNewGift -->
        <test-method signature="ChristmasGift(java.lang.String, java.lang.String)[pri:5, instance:com.mindtree.runner.GiftRunner@fc258b1]" started-at="2021-11-21T15:49:11 IST" name="ChristmasGift" data-provider="getChrisData" finished-at="2021-11-21T15:49:11 IST" duration-ms="0" status="SKIP">
          <exception class="com.mindtree.exceptions.ApplicationException">
            <full-stacktrace>
              <![CDATA[session not created: This version of ChromeDriver only supports Chrome version 94
Current browser version is 96.0.4664.45 with binary path C:\Program Files (x86)\Google\Chrome\Application\chrome.exe
Build info: version: '3.141.59', revision: 'e82be7d358', time: '2018-11-14T08:17:03'
System info: host: 'DESKTOP-GP2AHTV', ip: '192.168.1.36', os.name: 'Windows 10', os.arch: 'amd64', os.version: '10.0', java.version: '16.0.2'
Driver info: driver.version: ChromeDriver
remote stacktrace: Backtrace:
Ordinal0 [0x0090B9D3+2472403]
Ordinal0 [0x008A6961+2058593]
Ordinal0 [0x007B22B8+1057464]
Ordinal0 [0x007D03FA+1180666]
Ordinal0 [0x007CC2E5+1164005]
Ordinal0 [0x007C9B7F+1153919]
Ordinal0 [0x007F997F+1350015]
Ordinal0 [0x007F95EA+1349098]
Ordinal0 [0x007F545B+1332315]
Ordinal0 [0x007D1FB4+1187764]
Ordinal0 [0x007D2E09+1191433]
GetHandleVerifier [0x00A93396+1551078]
GetHandleVerifier [0x00B3D53A+2247818]
GetHandleVerifier [0x00997FBB+521995]
GetHandleVerifier [0x00997079+518089]
Ordinal0 [0x008ABD4D+2080077]
Ordinal0 [0x008AFC18+2096152]
Ordinal0 [0x008AFD52+2096466]
Ordinal0 [0x008B94B1+2135217]
BaseThreadInitThunk [0x7569FA29+25]
RtlGetAppContainerNamedObjectPath [0x77837A9E+286]
RtlGetAppContainerNamedObjectPath [0x77837A6E+238]

at com.mindtree.runner.GiftRunner.initializeDriver(GiftRunner.java:38)
at java.base/jdk.internal.reflect.NativeMethodAccessorImpl.invoke0(Native Method)
at java.base/jdk.internal.reflect.NativeMethodAccessorImpl.invoke(NativeMethodAccessorImpl.java:78)
at java.base/jdk.internal.reflect.DelegatingMethodAccessorImpl.invoke(DelegatingMethodAccessorImpl.java:43)
at java.base/java.lang.reflect.Method.invoke(Method.java:567)
at org.testng.internal.MethodInvocationHelper.invokeMethod(MethodInvocationHelper.java:133)
at org.testng.internal.MethodInvocationHelper.invokeMethodConsideringTimeout(MethodInvocationHelper.java:62)
at org.testng.internal.ConfigInvoker.invokeConfigurationMethod(ConfigInvoker.java:340)
at org.testng.internal.ConfigInvoker.invokeConfigurations(ConfigInvoker.java:294)
at org.testng.TestRunner.invokeTestConfigurations(TestRunner.java:623)
at org.testng.TestRunner.beforeRun(TestRunner.java:613)
at org.testng.TestRunner.run(TestRunner.java:584)
at org.testng.SuiteRunner.runTest(SuiteRunner.java:402)
at org.testng.SuiteRunner.runSequentially(SuiteRunner.java:396)
at org.testng.SuiteRunner.privateRun(SuiteRunner.java:355)
at org.testng.SuiteRunner.run(SuiteRunner.java:304)
at org.testng.SuiteRunnerWorker.runSuite(SuiteRunnerWorker.java:53)
at org.testng.SuiteRunnerWorker.run(SuiteRunnerWorker.java:96)
at org.testng.TestNG.runSuitesSequentially(TestNG.java:1180)
at org.testng.TestNG.runSuitesLocally(TestNG.java:1102)
at org.testng.TestNG.runSuites(TestNG.java:1032)
at org.testng.TestNG.run(TestNG.java:1000)
at org.testng.remote.AbstractRemoteTestNG.run(AbstractRemoteTestNG.java:115)
at org.testng.remote.RemoteTestNG.initAndRun(RemoteTestNG.java:251)
at org.testng.remote.RemoteTestNG.main(RemoteTestNG.java:77)
]]>
            </full-stacktrace>
          </exception> <!-- com.mindtree.exceptions.ApplicationException -->
          <reporter-output>
          </reporter-output>
        </test-method> <!-- ChristmasGift -->
        <test-method signature="SecretSantaGift(java.lang.String, java.lang.String)[pri:6, instance:com.mindtree.runner.GiftRunner@fc258b1]" started-at="2021-11-21T15:49:12 IST" name="SecretSantaGift" data-provider="getScrtData" finished-at="2021-11-21T15:49:12 IST" duration-ms="0" status="SKIP">
          <exception class="com.mindtree.exceptions.ApplicationException">
            <full-stacktrace>
              <![CDATA[session not created: This version of ChromeDriver only supports Chrome version 94
Current browser version is 96.0.4664.45 with binary path C:\Program Files (x86)\Google\Chrome\Application\chrome.exe
Build info: version: '3.141.59', revision: 'e82be7d358', time: '2018-11-14T08:17:03'
System info: host: 'DESKTOP-GP2AHTV', ip: '192.168.1.36', os.name: 'Windows 10', os.arch: 'amd64', os.version: '10.0', java.version: '16.0.2'
Driver info: driver.version: ChromeDriver
remote stacktrace: Backtrace:
Ordinal0 [0x0090B9D3+2472403]
Ordinal0 [0x008A6961+2058593]
Ordinal0 [0x007B22B8+1057464]
Ordinal0 [0x007D03FA+1180666]
Ordinal0 [0x007CC2E5+1164005]
Ordinal0 [0x007C9B7F+1153919]
Ordinal0 [0x007F997F+1350015]
Ordinal0 [0x007F95EA+1349098]
Ordinal0 [0x007F545B+1332315]
Ordinal0 [0x007D1FB4+1187764]
Ordinal0 [0x007D2E09+1191433]
GetHandleVerifier [0x00A93396+1551078]
GetHandleVerifier [0x00B3D53A+2247818]
GetHandleVerifier [0x00997FBB+521995]
GetHandleVerifier [0x00997079+518089]
Ordinal0 [0x008ABD4D+2080077]
Ordinal0 [0x008AFC18+2096152]
Ordinal0 [0x008AFD52+2096466]
Ordinal0 [0x008B94B1+2135217]
BaseThreadInitThunk [0x7569FA29+25]
RtlGetAppContainerNamedObjectPath [0x77837A9E+286]
RtlGetAppContainerNamedObjectPath [0x77837A6E+238]

at com.mindtree.runner.GiftRunner.initializeDriver(GiftRunner.java:38)
at java.base/jdk.internal.reflect.NativeMethodAccessorImpl.invoke0(Native Method)
at java.base/jdk.internal.reflect.NativeMethodAccessorImpl.invoke(NativeMethodAccessorImpl.java:78)
at java.base/jdk.internal.reflect.DelegatingMethodAccessorImpl.invoke(DelegatingMethodAccessorImpl.java:43)
at java.base/java.lang.reflect.Method.invoke(Method.java:567)
at org.testng.internal.MethodInvocationHelper.invokeMethod(MethodInvocationHelper.java:133)
at org.testng.internal.MethodInvocationHelper.invokeMethodConsideringTimeout(MethodInvocationHelper.java:62)
at org.testng.internal.ConfigInvoker.invokeConfigurationMethod(ConfigInvoker.java:340)
at org.testng.internal.ConfigInvoker.invokeConfigurations(ConfigInvoker.java:294)
at org.testng.TestRunner.invokeTestConfigurations(TestRunner.java:623)
at org.testng.TestRunner.beforeRun(TestRunner.java:613)
at org.testng.TestRunner.run(TestRunner.java:584)
at org.testng.SuiteRunner.runTest(SuiteRunner.java:402)
at org.testng.SuiteRunner.runSequentially(SuiteRunner.java:396)
at org.testng.SuiteRunner.privateRun(SuiteRunner.java:355)
at org.testng.SuiteRunner.run(SuiteRunner.java:304)
at org.testng.SuiteRunnerWorker.runSuite(SuiteRunnerWorker.java:53)
at org.testng.SuiteRunnerWorker.run(SuiteRunnerWorker.java:96)
at org.testng.TestNG.runSuitesSequentially(TestNG.java:1180)
at org.testng.TestNG.runSuitesLocally(TestNG.java:1102)
at org.testng.TestNG.runSuites(TestNG.java:1032)
at org.testng.TestNG.run(TestNG.java:1000)
at org.testng.remote.AbstractRemoteTestNG.run(AbstractRemoteTestNG.java:115)
at org.testng.remote.RemoteTestNG.initAndRun(RemoteTestNG.java:251)
at org.testng.remote.RemoteTestNG.main(RemoteTestNG.java:77)
]]>
            </full-stacktrace>
          </exception> <!-- com.mindtree.exceptions.ApplicationException -->
          <reporter-output>
          </reporter-output>
        </test-method> <!-- SecretSantaGift -->
        <test-method signature="homeDecor(java.lang.String, java.lang.String)[pri:7, instance:com.mindtree.runner.GiftRunner@fc258b1]" started-at="2021-11-21T15:49:12 IST" name="homeDecor" data-provider="getHmData" finished-at="2021-11-21T15:49:12 IST" duration-ms="0" status="SKIP">
          <exception class="com.mindtree.exceptions.ApplicationException">
            <full-stacktrace>
              <![CDATA[session not created: This version of ChromeDriver only supports Chrome version 94
Current browser version is 96.0.4664.45 with binary path C:\Program Files (x86)\Google\Chrome\Application\chrome.exe
Build info: version: '3.141.59', revision: 'e82be7d358', time: '2018-11-14T08:17:03'
System info: host: 'DESKTOP-GP2AHTV', ip: '192.168.1.36', os.name: 'Windows 10', os.arch: 'amd64', os.version: '10.0', java.version: '16.0.2'
Driver info: driver.version: ChromeDriver
remote stacktrace: Backtrace:
Ordinal0 [0x0090B9D3+2472403]
Ordinal0 [0x008A6961+2058593]
Ordinal0 [0x007B22B8+1057464]
Ordinal0 [0x007D03FA+1180666]
Ordinal0 [0x007CC2E5+1164005]
Ordinal0 [0x007C9B7F+1153919]
Ordinal0 [0x007F997F+1350015]
Ordinal0 [0x007F95EA+1349098]
Ordinal0 [0x007F545B+1332315]
Ordinal0 [0x007D1FB4+1187764]
Ordinal0 [0x007D2E09+1191433]
GetHandleVerifier [0x00A93396+1551078]
GetHandleVerifier [0x00B3D53A+2247818]
GetHandleVerifier [0x00997FBB+521995]
GetHandleVerifier [0x00997079+518089]
Ordinal0 [0x008ABD4D+2080077]
Ordinal0 [0x008AFC18+2096152]
Ordinal0 [0x008AFD52+2096466]
Ordinal0 [0x008B94B1+2135217]
BaseThreadInitThunk [0x7569FA29+25]
RtlGetAppContainerNamedObjectPath [0x77837A9E+286]
RtlGetAppContainerNamedObjectPath [0x77837A6E+238]

at com.mindtree.runner.GiftRunner.initializeDriver(GiftRunner.java:38)
at java.base/jdk.internal.reflect.NativeMethodAccessorImpl.invoke0(Native Method)
at java.base/jdk.internal.reflect.NativeMethodAccessorImpl.invoke(NativeMethodAccessorImpl.java:78)
at java.base/jdk.internal.reflect.DelegatingMethodAccessorImpl.invoke(DelegatingMethodAccessorImpl.java:43)
at java.base/java.lang.reflect.Method.invoke(Method.java:567)
at org.testng.internal.MethodInvocationHelper.invokeMethod(MethodInvocationHelper.java:133)
at org.testng.internal.MethodInvocationHelper.invokeMethodConsideringTimeout(MethodInvocationHelper.java:62)
at org.testng.internal.ConfigInvoker.invokeConfigurationMethod(ConfigInvoker.java:340)
at org.testng.internal.ConfigInvoker.invokeConfigurations(ConfigInvoker.java:294)
at org.testng.TestRunner.invokeTestConfigurations(TestRunner.java:623)
at org.testng.TestRunner.beforeRun(TestRunner.java:613)
at org.testng.TestRunner.run(TestRunner.java:584)
at org.testng.SuiteRunner.runTest(SuiteRunner.java:402)
at org.testng.SuiteRunner.runSequentially(SuiteRunner.java:396)
at org.testng.SuiteRunner.privateRun(SuiteRunner.java:355)
at org.testng.SuiteRunner.run(SuiteRunner.java:304)
at org.testng.SuiteRunnerWorker.runSuite(SuiteRunnerWorker.java:53)
at org.testng.SuiteRunnerWorker.run(SuiteRunnerWorker.java:96)
at org.testng.TestNG.runSuitesSequentially(TestNG.java:1180)
at org.testng.TestNG.runSuitesLocally(TestNG.java:1102)
at org.testng.TestNG.runSuites(TestNG.java:1032)
at org.testng.TestNG.run(TestNG.java:1000)
at org.testng.remote.AbstractRemoteTestNG.run(AbstractRemoteTestNG.java:115)
at org.testng.remote.RemoteTestNG.initAndRun(RemoteTestNG.java:251)
at org.testng.remote.RemoteTestNG.main(RemoteTestNG.java:77)
]]>
            </full-stacktrace>
          </exception> <!-- com.mindtree.exceptions.ApplicationException -->
          <reporter-output>
          </reporter-output>
        </test-method> <!-- homeDecor -->
        <test-method signature="Gifts(java.lang.String, java.lang.String, java.lang.String)[pri:8, instance:com.mindtree.runner.GiftRunner@fc258b1]" started-at="2021-11-21T15:49:12 IST" name="Gifts" data-provider="getGiftData" finished-at="2021-11-21T15:49:12 IST" duration-ms="0" status="SKIP">
          <exception class="com.mindtree.exceptions.ApplicationException">
            <full-stacktrace>
              <![CDATA[session not created: This version of ChromeDriver only supports Chrome version 94
Current browser version is 96.0.4664.45 with binary path C:\Program Files (x86)\Google\Chrome\Application\chrome.exe
Build info: version: '3.141.59', revision: 'e82be7d358', time: '2018-11-14T08:17:03'
System info: host: 'DESKTOP-GP2AHTV', ip: '192.168.1.36', os.name: 'Windows 10', os.arch: 'amd64', os.version: '10.0', java.version: '16.0.2'
Driver info: driver.version: ChromeDriver
remote stacktrace: Backtrace:
Ordinal0 [0x0090B9D3+2472403]
Ordinal0 [0x008A6961+2058593]
Ordinal0 [0x007B22B8+1057464]
Ordinal0 [0x007D03FA+1180666]
Ordinal0 [0x007CC2E5+1164005]
Ordinal0 [0x007C9B7F+1153919]
Ordinal0 [0x007F997F+1350015]
Ordinal0 [0x007F95EA+1349098]
Ordinal0 [0x007F545B+1332315]
Ordinal0 [0x007D1FB4+1187764]
Ordinal0 [0x007D2E09+1191433]
GetHandleVerifier [0x00A93396+1551078]
GetHandleVerifier [0x00B3D53A+2247818]
GetHandleVerifier [0x00997FBB+521995]
GetHandleVerifier [0x00997079+518089]
Ordinal0 [0x008ABD4D+2080077]
Ordinal0 [0x008AFC18+2096152]
Ordinal0 [0x008AFD52+2096466]
Ordinal0 [0x008B94B1+2135217]
BaseThreadInitThunk [0x7569FA29+25]
RtlGetAppContainerNamedObjectPath [0x77837A9E+286]
RtlGetAppContainerNamedObjectPath [0x77837A6E+238]

at com.mindtree.runner.GiftRunner.initializeDriver(GiftRunner.java:38)
at java.base/jdk.internal.reflect.NativeMethodAccessorImpl.invoke0(Native Method)
at java.base/jdk.internal.reflect.NativeMethodAccessorImpl.invoke(NativeMethodAccessorImpl.java:78)
at java.base/jdk.internal.reflect.DelegatingMethodAccessorImpl.invoke(DelegatingMethodAccessorImpl.java:43)
at java.base/java.lang.reflect.Method.invoke(Method.java:567)
at org.testng.internal.MethodInvocationHelper.invokeMethod(MethodInvocationHelper.java:133)
at org.testng.internal.MethodInvocationHelper.invokeMethodConsideringTimeout(MethodInvocationHelper.java:62)
at org.testng.internal.ConfigInvoker.invokeConfigurationMethod(ConfigInvoker.java:340)
at org.testng.internal.ConfigInvoker.invokeConfigurations(ConfigInvoker.java:294)
at org.testng.TestRunner.invokeTestConfigurations(TestRunner.java:623)
at org.testng.TestRunner.beforeRun(TestRunner.java:613)
at org.testng.TestRunner.run(TestRunner.java:584)
at org.testng.SuiteRunner.runTest(SuiteRunner.java:402)
at org.testng.SuiteRunner.runSequentially(SuiteRunner.java:396)
at org.testng.SuiteRunner.privateRun(SuiteRunner.java:355)
at org.testng.SuiteRunner.run(SuiteRunner.java:304)
at org.testng.SuiteRunnerWorker.runSuite(SuiteRunnerWorker.java:53)
at org.testng.SuiteRunnerWorker.run(SuiteRunnerWorker.java:96)
at org.testng.TestNG.runSuitesSequentially(TestNG.java:1180)
at org.testng.TestNG.runSuitesLocally(TestNG.java:1102)
at org.testng.TestNG.runSuites(TestNG.java:1032)
at org.testng.TestNG.run(TestNG.java:1000)
at org.testng.remote.AbstractRemoteTestNG.run(AbstractRemoteTestNG.java:115)
at org.testng.remote.RemoteTestNG.initAndRun(RemoteTestNG.java:251)
at org.testng.remote.RemoteTestNG.main(RemoteTestNG.java:77)
]]>
            </full-stacktrace>
          </exception> <!-- com.mindtree.exceptions.ApplicationException -->
          <reporter-output>
          </reporter-output>
        </test-method> <!-- Gifts -->
        <test-method signature="cropDetailSubmit(java.lang.String, java.lang.String, java.lang.String)[pri:9, instance:com.mindtree.runner.GiftRunner@fc258b1]" started-at="2021-11-21T15:49:12 IST" name="cropDetailSubmit" data-provider="getCopData" finished-at="2021-11-21T15:49:12 IST" duration-ms="0" status="SKIP">
          <exception class="com.mindtree.exceptions.ApplicationException">
            <full-stacktrace>
              <![CDATA[session not created: This version of ChromeDriver only supports Chrome version 94
Current browser version is 96.0.4664.45 with binary path C:\Program Files (x86)\Google\Chrome\Application\chrome.exe
Build info: version: '3.141.59', revision: 'e82be7d358', time: '2018-11-14T08:17:03'
System info: host: 'DESKTOP-GP2AHTV', ip: '192.168.1.36', os.name: 'Windows 10', os.arch: 'amd64', os.version: '10.0', java.version: '16.0.2'
Driver info: driver.version: ChromeDriver
remote stacktrace: Backtrace:
Ordinal0 [0x0090B9D3+2472403]
Ordinal0 [0x008A6961+2058593]
Ordinal0 [0x007B22B8+1057464]
Ordinal0 [0x007D03FA+1180666]
Ordinal0 [0x007CC2E5+1164005]
Ordinal0 [0x007C9B7F+1153919]
Ordinal0 [0x007F997F+1350015]
Ordinal0 [0x007F95EA+1349098]
Ordinal0 [0x007F545B+1332315]
Ordinal0 [0x007D1FB4+1187764]
Ordinal0 [0x007D2E09+1191433]
GetHandleVerifier [0x00A93396+1551078]
GetHandleVerifier [0x00B3D53A+2247818]
GetHandleVerifier [0x00997FBB+521995]
GetHandleVerifier [0x00997079+518089]
Ordinal0 [0x008ABD4D+2080077]
Ordinal0 [0x008AFC18+2096152]
Ordinal0 [0x008AFD52+2096466]
Ordinal0 [0x008B94B1+2135217]
BaseThreadInitThunk [0x7569FA29+25]
RtlGetAppContainerNamedObjectPath [0x77837A9E+286]
RtlGetAppContainerNamedObjectPath [0x77837A6E+238]

at com.mindtree.runner.GiftRunner.initializeDriver(GiftRunner.java:38)
at java.base/jdk.internal.reflect.NativeMethodAccessorImpl.invoke0(Native Method)
at java.base/jdk.internal.reflect.NativeMethodAccessorImpl.invoke(NativeMethodAccessorImpl.java:78)
at java.base/jdk.internal.reflect.DelegatingMethodAccessorImpl.invoke(DelegatingMethodAccessorImpl.java:43)
at java.base/java.lang.reflect.Method.invoke(Method.java:567)
at org.testng.internal.MethodInvocationHelper.invokeMethod(MethodInvocationHelper.java:133)
at org.testng.internal.MethodInvocationHelper.invokeMethodConsideringTimeout(MethodInvocationHelper.java:62)
at org.testng.internal.ConfigInvoker.invokeConfigurationMethod(ConfigInvoker.java:340)
at org.testng.internal.ConfigInvoker.invokeConfigurations(ConfigInvoker.java:294)
at org.testng.TestRunner.invokeTestConfigurations(TestRunner.java:623)
at org.testng.TestRunner.beforeRun(TestRunner.java:613)
at org.testng.TestRunner.run(TestRunner.java:584)
at org.testng.SuiteRunner.runTest(SuiteRunner.java:402)
at org.testng.SuiteRunner.runSequentially(SuiteRunner.java:396)
at org.testng.SuiteRunner.privateRun(SuiteRunner.java:355)
at org.testng.SuiteRunner.run(SuiteRunner.java:304)
at org.testng.SuiteRunnerWorker.runSuite(SuiteRunnerWorker.java:53)
at org.testng.SuiteRunnerWorker.run(SuiteRunnerWorker.java:96)
at org.testng.TestNG.runSuitesSequentially(TestNG.java:1180)
at org.testng.TestNG.runSuitesLocally(TestNG.java:1102)
at org.testng.TestNG.runSuites(TestNG.java:1032)
at org.testng.TestNG.run(TestNG.java:1000)
at org.testng.remote.AbstractRemoteTestNG.run(AbstractRemoteTestNG.java:115)
at org.testng.remote.RemoteTestNG.initAndRun(RemoteTestNG.java:251)
at org.testng.remote.RemoteTestNG.main(RemoteTestNG.java:77)
]]>
            </full-stacktrace>
          </exception> <!-- com.mindtree.exceptions.ApplicationException -->
          <reporter-output>
          </reporter-output>
        </test-method> <!-- cropDetailSubmit -->
        <test-method signature="cartValidate()[pri:10, instance:com.mindtree.runner.GiftRunner@fc258b1]" started-at="2021-11-21T15:49:12 IST" name="cartValidate" finished-at="2021-11-21T15:49:12 IST" duration-ms="0" status="SKIP">
          <exception class="com.mindtree.exceptions.ApplicationException">
            <full-stacktrace>
              <![CDATA[session not created: This version of ChromeDriver only supports Chrome version 94
Current browser version is 96.0.4664.45 with binary path C:\Program Files (x86)\Google\Chrome\Application\chrome.exe
Build info: version: '3.141.59', revision: 'e82be7d358', time: '2018-11-14T08:17:03'
System info: host: 'DESKTOP-GP2AHTV', ip: '192.168.1.36', os.name: 'Windows 10', os.arch: 'amd64', os.version: '10.0', java.version: '16.0.2'
Driver info: driver.version: ChromeDriver
remote stacktrace: Backtrace:
Ordinal0 [0x0090B9D3+2472403]
Ordinal0 [0x008A6961+2058593]
Ordinal0 [0x007B22B8+1057464]
Ordinal0 [0x007D03FA+1180666]
Ordinal0 [0x007CC2E5+1164005]
Ordinal0 [0x007C9B7F+1153919]
Ordinal0 [0x007F997F+1350015]
Ordinal0 [0x007F95EA+1349098]
Ordinal0 [0x007F545B+1332315]
Ordinal0 [0x007D1FB4+1187764]
Ordinal0 [0x007D2E09+1191433]
GetHandleVerifier [0x00A93396+1551078]
GetHandleVerifier [0x00B3D53A+2247818]
GetHandleVerifier [0x00997FBB+521995]
GetHandleVerifier [0x00997079+518089]
Ordinal0 [0x008ABD4D+2080077]
Ordinal0 [0x008AFC18+2096152]
Ordinal0 [0x008AFD52+2096466]
Ordinal0 [0x008B94B1+2135217]
BaseThreadInitThunk [0x7569FA29+25]
RtlGetAppContainerNamedObjectPath [0x77837A9E+286]
RtlGetAppContainerNamedObjectPath [0x77837A6E+238]

at com.mindtree.runner.GiftRunner.initializeDriver(GiftRunner.java:38)
at java.base/jdk.internal.reflect.NativeMethodAccessorImpl.invoke0(Native Method)
at java.base/jdk.internal.reflect.NativeMethodAccessorImpl.invoke(NativeMethodAccessorImpl.java:78)
at java.base/jdk.internal.reflect.DelegatingMethodAccessorImpl.invoke(DelegatingMethodAccessorImpl.java:43)
at java.base/java.lang.reflect.Method.invoke(Method.java:567)
at org.testng.internal.MethodInvocationHelper.invokeMethod(MethodInvocationHelper.java:133)
at org.testng.internal.MethodInvocationHelper.invokeMethodConsideringTimeout(MethodInvocationHelper.java:62)
at org.testng.internal.ConfigInvoker.invokeConfigurationMethod(ConfigInvoker.java:340)
at org.testng.internal.ConfigInvoker.invokeConfigurations(ConfigInvoker.java:294)
at org.testng.TestRunner.invokeTestConfigurations(TestRunner.java:623)
at org.testng.TestRunner.beforeRun(TestRunner.java:613)
at org.testng.TestRunner.run(TestRunner.java:584)
at org.testng.SuiteRunner.runTest(SuiteRunner.java:402)
at org.testng.SuiteRunner.runSequentially(SuiteRunner.java:396)
at org.testng.SuiteRunner.privateRun(SuiteRunner.java:355)
at org.testng.SuiteRunner.run(SuiteRunner.java:304)
at org.testng.SuiteRunnerWorker.runSuite(SuiteRunnerWorker.java:53)
at org.testng.SuiteRunnerWorker.run(SuiteRunnerWorker.java:96)
at org.testng.TestNG.runSuitesSequentially(TestNG.java:1180)
at org.testng.TestNG.runSuitesLocally(TestNG.java:1102)
at org.testng.TestNG.runSuites(TestNG.java:1032)
at org.testng.TestNG.run(TestNG.java:1000)
at org.testng.remote.AbstractRemoteTestNG.run(AbstractRemoteTestNG.java:115)
at org.testng.remote.RemoteTestNG.initAndRun(RemoteTestNG.java:251)
at org.testng.remote.RemoteTestNG.main(RemoteTestNG.java:77)
]]>
            </full-stacktrace>
          </exception> <!-- com.mindtree.exceptions.ApplicationException -->
          <reporter-output>
          </reporter-output>
        </test-method> <!-- cartValidate -->
      </class> <!-- com.mindtree.runner.GiftRunner -->
    </test> <!-- Default test -->
  </suite> <!-- Default suite -->
</testng-results>
